INFO : customer with mobile number 8830856914 has requested a login. : 04/10/2021 08:29:26
INFO : customer with mobile number 8830856914 user name shrikrishna.phad has logged in successfully. : 04/10/2021 08:29:40
INFO : customer with account number 32995 has requested a withdrawal : 04/10/2021 08:29:44
INFO : customer with account number 32995 has withdrew Rs.8 successfully : 04/10/2021 08:30:05
INFO : customer with mobile number 8830856914 has requested a login. : 05/10/2021 12:34:09
INFO : customer with mobile number 8830856914 user name shrikrishna.phad has logged in successfully. : 05/10/2021 12:34:24
INFO : customer with mobile number 8830856914 has requested a login. : 05/10/2021 12:34:45
INFO : customer with mobile number 8830856914 user name shrikrishna.phad has logged in successfully. : 05/10/2021 12:35:04
INFO : customer with account number 52036 has requested a deposit : 05/10/2021 12:37:03
INFO : customer with mobile number 8830856914 has requested a login. : 05/10/2021 01:28:29
INFO : customer with mobile number 8830856914 user name shrikrishna.phad has logged in successfully. : 05/10/2021 01:28:43
INFO : customer with mobile number 8830856914 has requested a login. : 05/10/2021 01:28:53
INFO : customer with mobile number 8830856914 has requested a login. : 05/10/2021 01:32:00
INFO : customer with mobile number 8830856914 user name shrikrishna.phad has logged in successfully. : 05/10/2021 01:32:43
INFO : customer with mobile number 8830856914 has requested a login. : 05/10/2021 01:32:58
INFO : customer with mobile number 8830856914 user name shrikrishna.phad has logged in successfully. : 05/10/2021 01:33:09
INFO : customer with mobile number 8830856914 has requested a login. : 05/10/2021 01:36:08
INFO : customer with mobile number 8830856914 user name shrikrishna.phad has logged in successfully. : 05/10/2021 01:36:19
INFO : customer with mobile number 8830856914 has requested a login. : 05/10/2021 01:42:24
INFO : customer with mobile number 8830856914 user name shrikrishna.phad has logged in successfully. : 05/10/2021 01:42:36
INFO : customer with mobile number h has requested a login. : 05/10/2021 01:48:02
INFO : customer with mobile number 2 has requested a login. : 05/10/2021 01:48:36
INFO : customer with mobile number 8830856914 has requested a login. : 05/10/2021 03:22:16
INFO : customer with mobile number 8830856914 user name shrikrishna.phad has logged in successfully. : 05/10/2021 03:22:38
INFO : customer with account number 32995 has requested a withdrawal : 05/10/2021 03:23:20
INFO : customer with account number 32995 has withdrew Rs.2.5 successfully : 05/10/2021 03:23:31
INFO : customer with mobile number 8830856914 has requested a login. : 05/10/2021 03:23:59
INFO : customer with mobile number 8830856914 user name shrikrishna.phad has logged in successfully. : 05/10/2021 03:24:12
INFO : customer with account number 32995 has requested a deposit : 05/10/2021 03:24:18
INFO : customer with mobile number 8830856914 has requested a login. : 05/10/2021 03:49:21
INFO : customer with mobile number 883085 has requested a login. : 05/10/2021 03:51:41
INFO : customer with mobile number 8 has requested a login. : 05/10/2021 03:52:26
INFO : customer with mobile number 2 has requested a login. : 05/10/2021 03:53:21
INFO : customer with mobile number 1 has requested a login. : 05/10/2021 03:55:17
INFO : customer with mobile number 8830856914 has requested a login. : 05/10/2021 03:56:36
INFO : customer with mobile number 8830856914 has requested a login. : 05/10/2021 03:57:14
INFO : customer with mobile number 8830856914 user name shrikrishna.phad has logged in successfully. : 05/10/2021 03:57:26
INFO : customer with account number 32995 has requested a deposit : 05/10/2021 03:57:30
INFO : customer with account number 32995 has successfully deposited Rs.3.251 : 05/10/2021 03:57:38
INFO : customer with mobile number 8830856914 has requested a login. : 05/10/2021 03:57:57
INFO : customer with mobile number 8830856914 user name shrikrishna.phad has logged in successfully. : 05/10/2021 03:58:06
INFO : customer with account number 32995 has requested a withdrawal : 05/10/2021 03:58:11
INFO : customer with account number 32995 has withdrew Rs.1.75 successfully : 05/10/2021 03:58:27
INFO : customer with mobile number 8830856914 has requested a login. : 05/10/2021 03:58:41
INFO : customer with mobile number 8830856914 user name shrikrishna.phad has logged in successfully. : 05/10/2021 03:59:00
INFO : customer with account number 32995 has requested a password change. : 05/10/2021 03:59:02
INFO : customer with account number 32995 has has changed his password successfully to shri@123 : 05/10/2021 03:59:24
INFO : customer with mobile number 8830856914 has requested a login. : 05/10/2021 04:05:58
INFO : customer with mobile number 8830856914 has requested a login. : 05/10/2021 04:06:17
INFO : customer with mobile number 8830856914 user name shrikrishna.phad has logged in successfully. : 05/10/2021 04:06:27
INFO : customer with account number 32995 has requested a password change. : 05/10/2021 04:06:29
INFO : customer with account number 32995 has has changed his password successfully to shri#123 : 05/10/2021 04:06:57
INFO : customer with name ('pravin', 'dilip', 'ghorpade') has successfully created new account with number 97167 : 06/10/2021 03:12:25
INFO : test.py : customer with mobile number 2 has requested a login. : 06/10/2021 05:59:52
INFO : test.py : customer with mobile number 2 has requested a login. : 06/10/2021 06:01:23
INFO : test.py : customer with mobile number 8 has requested a login. : 06/10/2021 06:02:27
INFO : test.py : customer with mobile number 2 has requested a login. : 06/10/2021 06:02:36
INFO : test.py : customer with mobile number 883085 has requested a login. : 06/10/2021 06:03:13
INFO : test.py : customer with mobile number 2 has requested a login. : 06/10/2021 06:04:53
INFO : test.py : customer with mobile number 2 has requested a login. : 06/10/2021 06:12:32
INFO : test.py : customer with mobile number 2 has requested a login. : 06/10/2021 06:15:21
INFO : test.py : customer with mobile number 8830856914 has requested a login. : 06/10/2021 06:15:47
INFO : test.py : customer with mobile number 2 has requested a login. : 06/10/2021 06:16:53
INFO : test.py : customer with mobile number 8830856914 has requested a login. : 06/10/2021 06:17:01
INFO : test.py : customer with mobile number 2 has requested a login. : 06/10/2021 06:18:14
INFO : test.py : customer with mobile number 8830856914 has requested a login. : 06/10/2021 06:18:25
INFO : test.py : customer with mobile number 2 has requested a login. : 06/10/2021 06:22:06
INFO : test.py : customer with mobile number 2 has requested a login. : 06/10/2021 06:22:28
INFO : test.py : customer with mobile number 8830856914 has requested a login. : 06/10/2021 06:23:01
INFO : test.py : customer with mobile number 2 has requested a login. : 06/10/2021 06:24:04
INFO : test.py : customer with mobile number 8830856914 has requested a login. : 06/10/2021 06:24:17
INFO : test.py : customer with mobile number 8830856914 has requested a login. : 06/10/2021 06:24:55
INFO : test.py : customer with mobile number 8830856914 user name shrikrishna.phad has logged in successfully. : 06/10/2021 06:25:08
INFO : test.py : customer with mobile number 8830856914 has requested a login. : 06/10/2021 06:26:42
INFO : test.py : customer with mobile number 8830856914 user name shrikrishna.phad has logged in successfully. : 06/10/2021 06:27:01
INFO : login.py : customer with mobile number 8830856914 has requested a login. : 06/10/2021 06:27:26
INFO : login.py : customer with mobile number 8830856914 user name shrikrishna.phad has logged in successfully. : 06/10/2021 06:27:37
INFO : login.py : customer with mobile number 883 has requested a login. : 06/10/2021 06:29:07
INFO : test.py : customer with mobile number 8830856914 has requested a login. : 06/10/2021 08:55:46
INFO : test.py : customer with mobile number 8830856914 user name shrikrishna.phad has logged in successfully. : 06/10/2021 08:56:01
INFO : test.py : customer with mobile number 8830856914 has requested a login. : 06/10/2021 08:58:27
INFO : test.py : customer with mobile number 8830856914 user name shrikrishna.phad has logged in successfully. : 06/10/2021 08:58:40
INFO : test.py : customer with mobile number 8830856914 has requested a login. : 06/10/2021 08:59:58
INFO : test.py : customer with mobile number 8830856914 user name shrikrishna.phad has logged in successfully. : 06/10/2021 09:00:26
INFO : test.py : customer with mobile number 8830856914 has requested a login. : 06/10/2021 09:01:22
INFO : test.py : customer with mobile number 8830856914 user name shrikrishna.phad has logged in successfully. : 06/10/2021 09:01:38
INFO : test.py : customer with mobile number 8830856914 has requested a login. : 06/10/2021 09:02:58
INFO : test.py : customer with mobile number 8830856914 user name shrikrishna.phad has logged in successfully. : 06/10/2021 09:03:16
INFO : test.py : customer with mobile number g has requested a login. : 06/10/2021 09:03:51
INFO : test.py : customer with mobile number 5 has requested a login. : 06/10/2021 09:04:22
INFO : login.py : customer with mobile number 883085 has requested a login. : 10/10/2021 03:30:33
